[debug] [2022-07-15T10:12:03.681Z] ----------------------------------------------------------------------
[debug] [2022-07-15T10:12:03.683Z] Command:       /usr/local/bin/firebase /home/cristi/.cache/firebase/tools/lib/node_modules/firebase-tools/lib/bin/firebase init hosting
[debug] [2022-07-15T10:12:03.683Z] CLI Version:   11.2.2
[debug] [2022-07-15T10:12:03.683Z] Platform:      linux
[debug] [2022-07-15T10:12:03.683Z] Node Version:  v16.15.0
[debug] [2022-07-15T10:12:03.689Z] Time:          Fri Jul 15 2022 12:12:03 GMT+0200 (Central European Summer Time)
[debug] [2022-07-15T10:12:03.690Z] ----------------------------------------------------------------------
[debug] 
[debug] [2022-07-15T10:12:03.740Z] > command requires scopes: ["email","openid","https://www.googleapis.com/auth/cloudplatformprojects.readonly","https://www.googleapis.com/auth/firebase","https://www.googleapis.com/auth/cloud-platform"]
[debug] [2022-07-15T10:12:03.740Z] > authorizing via signed-in user (cristi2019255@gmail.com)
[info] 
     ######## #### ########  ######## ########     ###     ######  ########
     ##        ##  ##     ## ##       ##     ##  ##   ##  ##       ##
     ######    ##  ########  ######   ########  #########  ######  ######
     ##        ##  ##    ##  ##       ##     ## ##     ##       ## ##
     ##       #### ##     ## ######## ########  ##     ##  ######  ########

You're about to initialize a Firebase project in this directory:

  /home/cristi/codeRepo/PersonalPortfolio

Before we get started, keep in mind:

  * You are initializing within an existing Firebase project directory

[info] 
=== Project Setup
[info] 
[info] First, let's associate this project directory with a Firebase project.
[info] You can create multiple project aliases by running firebase use --add, 
[info] but for now we'll just set up a default project.
[info] 
[debug] [2022-07-15T10:12:03.745Z] Using project from CLI flag: personalportfolio-210f9
[debug] [2022-07-15T10:12:03.746Z] > refreshing access token with scopes: []
[debug] [2022-07-15T10:12:03.748Z] >>> [apiv2][query] POST https://www.googleapis.com/oauth2/v3/token [none]
[debug] [2022-07-15T10:12:03.749Z] >>> [apiv2][body] POST https://www.googleapis.com/oauth2/v3/token [omitted]
[debug] [2022-07-15T10:12:04.009Z] <<< [apiv2][status] POST https://www.googleapis.com/oauth2/v3/token 200
[debug] [2022-07-15T10:12:04.010Z] <<< [apiv2][body] POST https://www.googleapis.com/oauth2/v3/token [omitted]
[debug] [2022-07-15T10:12:04.022Z] >>> [apiv2][query] GET https://firebase.googleapis.com/v1beta1/projects/personalportfolio-210f9 [none]
[debug] [2022-07-15T10:12:04.404Z] <<< [apiv2][status] GET https://firebase.googleapis.com/v1beta1/projects/personalportfolio-210f9 200
[debug] [2022-07-15T10:12:04.406Z] <<< [apiv2][body] GET https://firebase.googleapis.com/v1beta1/projects/personalportfolio-210f9 {"projectId":"personalportfolio-210f9","projectNumber":"987486601180","displayName":"PersonalPortfolio","name":"projects/personalportfolio-210f9","resources":{"hostingSite":"personalportfolio-210f9"},"state":"ACTIVE"}
[info] i  Using project personalportfolio-210f9 (PersonalPortfolio) 
[info] 
=== Hosting Setup
[info] 
[info] Your public directory is the folder (relative to your project directory) that
[info] will contain Hosting assets to be uploaded with firebase deploy. If you
[info] have a build process for your assets, use your build's output directory.
[info] 
